#
# A fatal error has been detected by the Java Runtime Environment:
#
#  EXCEPTION_ACCESS_VIOLATION (0xc0000005) at pc=0x0000000063c9a0a5, pid=3060, tid=0x0000000000003560
#
# JRE version: Java(TM) SE Runtime Environment (8.0_101-b13) (build 1.8.0_101-b13)
# Java VM: Java HotSpot(TM) 64-Bit Server VM (25.101-b13 mixed mode windows-amd64 compressed oops)
# Problematic frame:
# V  [jvm.dll+0x12a0a5]
#
# Failed to write core dump. Minidumps are not enabled by default on client versions of Windows
#
# If you would like to submit a bug report, please visit:
#   http://bugreport.java.com/bugreport/crash.jsp
#

---------------  T H R E A D  ---------------

Current thread (0x000000001b002000):  JavaThread "JDWP Transport Listener: dt_socket" daemon [_thread_in_vm, id=13664, stack(0x000000001b760000,0x000000001b860000)]

siginfo: ExceptionCode=0xc0000005, reading address 0x0000000000630069

Registers:
RAX=0x000000001b85f901, RBX=0x000000001b002000, RCX=0x0000000000630069, RDX=0x0000000000000000
RSP=0x000000001b85f8c0, RBP=0x0000000000630069, RSI=0x000000001b85f9d8, RDI=0x00000000034330b0
R8 =0x000000001b002000, R9 =0x0000000000000001, R10=0x0000000000008000, R11=0x000000001b85f810
R12=0x0000000000000000, R13=0x000000001b002c68, R14=0x0000000000000000, R15=0x0000000000000000
RIP=0x0000000063c9a0a5, EFLAGS=0x0000000000010206

Top of Stack: (sp=0x000000001b85f8c0)
0x000000001b85f8c0:   000000001b002000 000000001b002000
0x000000001b85f8d0:   000000001b85f988 0000000063ea2f0b
0x000000001b85f8e0:   000000001b002000 0000000063ebf76d
0x000000001b85f8f0:   0000000000000000 0000000066329155
0x000000001b85f900:   000000001c1cfb90 000000006633291e
0x000000001b85f910:   000000001b002000 0000000000000000
0x000000001b85f920:   0000000000000000 0000000000000000
0x000000001b85f930:   0000000000630069 0000000066331a15
0x000000001b85f940:   000000001b85f9d8 000000001b85f9b0
0x000000001b85f950:   0000000000000001 000000001c1cfb90
0x000000001b85f960:   0000000000630069 00000000663153b3
0x000000001b85f970:   000000001b85faa0 0000000000000001
0x000000001b85f980:   0000000000000001 000000001c1cfb90
0x000000001b85f990:   00000000f0001041 0000000000000000
0x000000001b85f9a0:   0000000000000000 0000000000000000
0x000000001b85f9b0:   0000000000000001 0000000066315571 

Instructions: (pc=0x0000000063c9a0a5)
0x0000000063c9a085:   cc cc cc cc cc cc cc cc cc cc cc 48 83 ec 28 48
0x0000000063c9a095:   85 c9 75 07 33 c0 48 83 c4 28 c3 48 89 5c 24 20
0x0000000063c9a0a5:   48 8b 19 48 85 db 74 20 48 83 fb 37 74 1a 48 8b
0x0000000063c9a0b5:   13 48 8b cb ff 52 10 84 c0 74 0d 48 8b c3 48 8b 


Register to memory mapping:

RAX=0x000000001b85f901 is pointing into the stack for thread: 0x000000001b002000
RBX=0x000000001b002000 is a thread
RCX=0x0000000000630069 is an unknown value
RDX=0x0000000000000000 is an unknown value
RSP=0x000000001b85f8c0 is pointing into the stack for thread: 0x000000001b002000
RBP=0x0000000000630069 is an unknown value
RSI=0x000000001b85f9d8 is pointing into the stack for thread: 0x000000001b002000
RDI=0x00000000034330b0 is an unknown value
R8 =0x000000001b002000 is a thread
R9 =0x0000000000000001 is an unknown value
R10=0x0000000000008000 is an unknown value
R11=0x000000001b85f810 is pointing into the stack for thread: 0x000000001b002000
R12=0x0000000000000000 is an unknown value
R13=0x000000001b002c68 is an unknown value
R14=0x0000000000000000 is an unknown value
R15=0x0000000000000000 is an unknown value


Stack: [0x000000001b760000,0x000000001b860000],  sp=0x000000001b85f8c0,  free space=1022k
Native frames: (J=compiled Java code, j=interpreted, Vv=VM code, C=native code)
V  [jvm.dll+0x12a0a5]
V  [jvm.dll+0x34f76d]
C  [jdwp.dll+0x21a15]
C  [jdwp.dll+0x53b3]
C  [jdwp.dll+0x5571]
C  [jdwp.dll+0xf0a8]
C  [jdwp.dll+0x1f2d5]
C  [jdwp.dll+0x1f4aa]
V  [jvm.dll+0x1bd258]
V  [jvm.dll+0x2451a4]
V  [jvm.dll+0x29c18a]
C  [msvcr100.dll+0x21d9f]
C  [msvcr100.dll+0x21e3b]
C  [KERNEL32.DLL+0x17bd4]
C  [ntdll.dll+0x6ced1]


---------------  P R O C E S S  ---------------

Java Threads: ( => current thread )
  0x000000001f4f9000 JavaThread "http-nio-8080-Acceptor" daemon [_thread_in_native, id=5804, stack(0x0000000022e40000,0x0000000022f40000)]
  0x000000001f4fb800 JavaThread "http-nio-8080-ClientPoller" daemon [_thread_in_native, id=16188, stack(0x0000000022d40000,0x0000000022e40000)]
  0x0000000020319000 JavaThread "http-nio-8080-exec-10" daemon [_thread_blocked, id=13808, stack(0x0000000022c40000,0x0000000022d40000)]
  0x000000002031a800 JavaThread "http-nio-8080-exec-9" daemon [_thread_blocked, id=13548, stack(0x0000000022b40000,0x0000000022c40000)]
  0x0000000020319800 JavaThread "http-nio-8080-exec-8" daemon [_thread_blocked, id=9080, stack(0x0000000022a40000,0x0000000022b40000)]
  0x000000002031c000 JavaThread "http-nio-8080-exec-7" daemon [_thread_blocked, id=3104, stack(0x0000000022940000,0x0000000022a40000)]
  0x0000000020318000 JavaThread "http-nio-8080-exec-6" daemon [_thread_blocked, id=14264, stack(0x0000000022840000,0x0000000022940000)]
  0x000000002031e000 JavaThread "http-nio-8080-exec-5" daemon [_thread_blocked, id=15896, stack(0x0000000022740000,0x0000000022840000)]
  0x000000002031d800 JavaThread "http-nio-8080-exec-4" daemon [_thread_blocked, id=21340, stack(0x0000000022640000,0x0000000022740000)]
  0x000000002031b000 JavaThread "http-nio-8080-exec-3" daemon [_thread_blocked, id=13400, stack(0x0000000022540000,0x0000000022640000)]
  0x0000000020312000 JavaThread "http-nio-8080-exec-2" daemon [_thread_blocked, id=2928, stack(0x0000000021940000,0x0000000021a40000)]
  0x0000000020317800 JavaThread "http-nio-8080-exec-1" daemon [_thread_blocked, id=17000, stack(0x0000000021240000,0x0000000021340000)]
  0x0000000020314800 JavaThread "http-nio-8080-BlockPoller" daemon [_thread_in_native, id=1960, stack(0x0000000021140000,0x0000000021240000)]
  0x0000000020310000 JavaThread "File Watcher" daemon [_thread_blocked, id=1312, stack(0x0000000020e40000,0x0000000020f40000)]
  0x0000000020313800 JavaThread "HikariPool-4 housekeeper" daemon [_thread_blocked, id=516, stack(0x0000000020640000,0x0000000020740000)]
  0x000000002030f000 JavaThread "container-0" [_thread_blocked, id=11644, stack(0x000000001cfa0000,0x000000001d0a0000)]
  0x0000000020311800 JavaThread "Catalina-utility-2" [_thread_blocked, id=17224, stack(0x000000001cea0000,0x000000001cfa0000)]
  0x0000000020315000 JavaThread "Catalina-utility-1" [_thread_blocked, id=6792, stack(0x000000001cca0000,0x000000001cda0000)]
  0x000000002031c800 JavaThread "DestroyJavaVM" [_thread_blocked, id=10220, stack(0x0000000003320000,0x0000000003420000)]
  0x000000001f4fa000 JavaThread "Live Reload Server" daemon [_thread_in_native, id=9212, stack(0x0000000021a40000,0x0000000021b40000)]
  0x000000001f4fa800 JavaThread "Abandoned connection cleanup thread" daemon [_thread_blocked, id=18356, stack(0x0000000020940000,0x0000000020a40000)]
  0x000000001c20d800 JavaThread "RMI Scheduler(0)" daemon [_thread_blocked, id=17380, stack(0x000000001d3a0000,0x000000001d4a0000)]
  0x000000001be61000 JavaThread "RMI TCP Accept-0" daemon [_thread_in_native, id=11200, stack(0x000000001c760000,0x000000001c860000)]
  0x000000001bcf6800 JavaThread "Service Thread" daemon [_thread_blocked, id=16496, stack(0x000000001c660000,0x000000001c760000)]
  0x000000001bc3a800 JavaThread "C1 CompilerThread3" daemon [_thread_blocked, id=7756, stack(0x000000001c560000,0x000000001c660000)]
  0x000000001bc36000 JavaThread "C2 CompilerThread2" daemon [_thread_blocked, id=20060, stack(0x000000001c460000,0x000000001c560000)]
  0x000000001bc2e800 JavaThread "C2 CompilerThread1" daemon [_thread_blocked, id=5712, stack(0x000000001c360000,0x000000001c460000)]
  0x000000001bc80000 JavaThread "C2 CompilerThread0" daemon [_thread_blocked, id=11964, stack(0x000000001c260000,0x000000001c360000)]
  0x000000001b00f000 JavaThread "JDWP Command Reader" daemon [_thread_in_native, id=10868, stack(0x000000001b960000,0x000000001ba60000)]
  0x000000001b00e000 JavaThread "JDWP Event Helper Thread" daemon [_thread_blocked, id=1268, stack(0x000000001b860000,0x000000001b960000)]
=>0x000000001b002000 JavaThread "JDWP Transport Listener: dt_socket" daemon [_thread_in_vm, id=13664, stack(0x000000001b760000,0x000000001b860000)]
  0x000000001aff8800 JavaThread "Attach Listener" daemon [_thread_blocked, id=11452, stack(0x000000001b660000,0x000000001b760000)]
  0x000000001afab000 JavaThread "Signal Dispatcher" daemon [_thread_blocked, id=8548, stack(0x000000001b560000,0x000000001b660000)]
  0x0000000019074800 JavaThread "Finalizer" daemon [_thread_blocked, id=13976, stack(0x000000001b360000,0x000000001b460000)]
  0x000000001906d800 JavaThread "Reference Handler" daemon [_thread_blocked, id=12244, stack(0x000000001ae60000,0x000000001af60000)]

Other Threads:
  0x0000000019065800 VMThread [stack: 0x000000001ad60000,0x000000001ae60000] [id=18492]
  0x000000001be6d000 WatcherThread [stack: 0x000000001c860000,0x000000001c960000] [id=19588]

VM state:not at safepoint (normal execution)

VM Mutex/Monitor currently owned by a thread: None

Heap:
 PSYoungGen      total 569856K, used 330245K [0x0000000790100000, 0x00000007b4000000, 0x00000007c0000000)
  eden space 550912K, 59% used [0x0000000790100000,0x00000007a43816d8,0x00000007b1b00000)
  from space 18944K, 0% used [0x00000007b2d80000,0x00000007b2d80000,0x00000007b4000000)
  to   space 18944K, 0% used [0x00000007b1b00000,0x00000007b1b00000,0x00000007b2d80000)
 ParOldGen       total 111104K, used 26420K [0x0000000730200000, 0x0000000736e80000, 0x0000000790100000)
  object space 111104K, 23% used [0x0000000730200000,0x0000000731bcd370,0x0000000736e80000)
 Metaspace       used 66419K, capacity 70844K, committed 71168K, reserved 1110016K
  class space    used 9151K, capacity 9887K, committed 9984K, reserved 1048576K

Card table byte_map: [0x0000000012a60000,0x0000000012ee0000] byte_map_base: 0x000000000f0df000

Marking Bits: (ParMarkBitMap*) 0x000000006438a6d0
 Begin Bits: [0x00000000139e0000, 0x0000000015dd8000)
 End Bits:   [0x0000000015dd8000, 0x00000000181d0000)

Polling page: 0x0000000001670000

CodeCache: size=245760Kb used=20432Kb max_used=20432Kb free=225327Kb
 bounds [0x00000000036a0000, 0x0000000004aa0000, 0x00000000126a0000]
 total_blobs=11489 nmethods=10887 adapters=521
 compilation: enabled

Compilation events (10 events):
Event: 4132.374 Thread 0x000000001bc3a800 11023       1       org.hibernate.engine.spi.CascadingActions$8::isInManagedState (59 bytes)
Event: 4132.375 Thread 0x000000001bc3a800 nmethod 11023 0x0000000004a950d0 code [0x0000000004a952a0, 0x0000000004a95708]
Event: 4132.421 Thread 0x000000001bc3a800 11024       1       com.fasterxml.jackson.core.io.NumberOutput::_leading3 (50 bytes)
Event: 4132.421 Thread 0x000000001bc3a800 nmethod 11024 0x0000000004a95b10 code [0x0000000004a95c80, 0x0000000004a95e50]
Event: 4132.422 Thread 0x000000001bc3a800 11025       1       com.fasterxml.jackson.databind.ser.std.NullSerializer::serialize (5 bytes)
Event: 4132.422 Thread 0x000000001bc3a800 nmethod 11025 0x0000000004a96090 code [0x0000000004a961e0, 0x0000000004a96328]
Event: 4132.422 Thread 0x000000001bc3a800 11026       1       com.fasterxml.jackson.core.json.UTF8JsonGenerator::writeNull (11 bytes)
Event: 4132.422 Thread 0x000000001bc3a800 nmethod 11026 0x0000000004a963d0 code [0x0000000004a96540, 0x0000000004a96698]
Event: 4132.422 Thread 0x000000001bc3a800 11027       1       com.fasterxml.jackson.databind.ser.std.BooleanSerializer::serialize (12 bytes)
Event: 4132.423 Thread 0x000000001bc3a800 nmethod 11027 0x0000000004a96750 code [0x0000000004a968c0, 0x0000000004a96ac8]

GC Heap History (10 events):
Event: 437.251 GC heap before
{Heap before GC invocations=18 (full 5):
 PSYoungGen      total 439296K, used 4575K [0x0000000790100000, 0x00000007ad400000, 0x00000007c0000000)
  eden space 420352K, 0% used [0x0000000790100000,0x0000000790100000,0x00000007a9b80000)
  from space 18944K, 24% used [0x00000007a9b80000,0x00000007a9ff7fb8,0x00000007aae00000)
  to   space 18944K, 0% used [0x00000007ac180000,0x00000007ac180000,0x00000007ad400000)
 ParOldGen       total 111104K, used 32603K [0x0000000730200000, 0x0000000736e80000, 0x0000000790100000)
  object space 111104K, 29% used [0x0000000730200000,0x00000007321d6d98,0x0000000736e80000)
 Metaspace       used 62036K, capacity 65710K, committed 65920K, reserved 1105920K
  class space    used 8701K, capacity 9336K, committed 9344K, reserved 1048576K
Event: 437.493 GC heap after
Heap after GC invocations=18 (full 5):
 PSYoungGen      total 439296K, used 0K [0x0000000790100000, 0x00000007ad400000, 0x00000007c0000000)
  eden space 420352K, 0% used [0x0000000790100000,0x0000000790100000,0x00000007a9b80000)
  from space 18944K, 0% used [0x00000007a9b80000,0x00000007a9b80000,0x00000007aae00000)
  to   space 18944K, 0% used [0x00000007ac180000,0x00000007ac180000,0x00000007ad400000)
 ParOldGen       total 111104K, used 25879K [0x0000000730200000, 0x0000000736e80000, 0x0000000790100000)
  object space 111104K, 23% used [0x0000000730200000,0x0000000731b45c08,0x0000000736e80000)
 Metaspace       used 62036K, capacity 65710K, committed 65920K, reserved 1105920K
  class space    used 8701K, capacity 9336K, committed 9344K, reserved 1048576K
}
Event: 1030.837 GC heap before
{Heap before GC invocations=19 (full 5):
 PSYoungGen      total 439296K, used 420352K [0x0000000790100000, 0x00000007ad400000, 0x00000007c0000000)
  eden space 420352K, 100% used [0x0000000790100000,0x00000007a9b80000,0x00000007a9b80000)
  from space 18944K, 0% used [0x00000007a9b80000,0x00000007a9b80000,0x00000007aae00000)
  to   space 18944K, 0% used [0x00000007ac180000,0x00000007ac180000,0x00000007ad400000)
 ParOldGen       total 111104K, used 25879K [0x0000000730200000, 0x0000000736e80000, 0x0000000790100000)
  object space 111104K, 23% used [0x0000000730200000,0x0000000731b45c08,0x0000000736e80000)
 Metaspace       used 63678K, capacity 67624K, committed 67712K, reserved 1107968K
  class space    used 8853K, capacity 9541K, committed 9600K, reserved 1048576K
Event: 1030.848 GC heap after
Heap after GC invocations=19 (full 5):
 PSYoungGen      total 459264K, used 11101K [0x0000000790100000, 0x00000007b3980000, 0x00000007c0000000)
  eden space 440320K, 0% used [0x0000000790100000,0x0000000790100000,0x00000007aaf00000)
  from space 18944K, 58% used [0x00000007ac180000,0x00000007acc575a8,0x00000007ad400000)
  to   space 18944K, 0% used [0x00000007aaf00000,0x00000007aaf00000,0x00000007ac180000)
 ParOldGen       total 111104K, used 25887K [0x0000000730200000, 0x0000000736e80000, 0x0000000790100000)
  object space 111104K, 23% used [0x0000000730200000,0x0000000731b47c08,0x0000000736e80000)
 Metaspace       used 63678K, capacity 67624K, committed 67712K, reserved 1107968K
  class space    used 8853K, capacity 9541K, committed 9600K, reserved 1048576K
}
Event: 2476.702 GC heap before
{Heap before GC invocations=20 (full 5):
 PSYoungGen      total 459264K, used 451421K [0x0000000790100000, 0x00000007b3980000, 0x00000007c0000000)
  eden space 440320K, 100% used [0x0000000790100000,0x00000007aaf00000,0x00000007aaf00000)
  from space 18944K, 58% used [0x00000007ac180000,0x00000007acc575a8,0x00000007ad400000)
  to   space 18944K, 0% used [0x00000007aaf00000,0x00000007aaf00000,0x00000007ac180000)
 ParOldGen       total 111104K, used 25887K [0x0000000730200000, 0x0000000736e80000, 0x0000000790100000)
  object space 111104K, 23% used [0x0000000730200000,0x0000000731b47c08,0x0000000736e80000)
 Metaspace       used 65428K, capacity 69578K, committed 69760K, reserved 1110016K
  class space    used 9042K, capacity 9744K, committed 9856K, reserved 1048576K
Event: 2476.719 GC heap after
Heap after GC invocations=20 (full 5):
 PSYoungGen      total 459264K, used 2862K [0x0000000790100000, 0x00000007b4000000, 0x00000007c0000000)
  eden space 440320K, 0% used [0x0000000790100000,0x0000000790100000,0x00000007aaf00000)
  from space 18944K, 15% used [0x00000007aaf00000,0x00000007ab1cbad0,0x00000007ac180000)
  to   space 18944K, 0% used [0x00000007b2d80000,0x00000007b2d80000,0x00000007b4000000)
 ParOldGen       total 111104K, used 34553K [0x0000000730200000, 0x0000000736e80000, 0x0000000790100000)
  object space 111104K, 31% used [0x0000000730200000,0x00000007323be790,0x0000000736e80000)
 Metaspace       used 65428K, capacity 69578K, committed 69760K, reserved 1110016K
  class space    used 9042K, capacity 9744K, committed 9856K, reserved 1048576K
}
Event: 4081.231 GC heap before
{Heap before GC invocations=21 (full 5):
 PSYoungGen      total 459264K, used 383453K [0x0000000790100000, 0x00000007b4000000, 0x00000007c0000000)
  eden space 440320K, 86% used [0x0000000790100000,0x00000007a74abcf0,0x00000007aaf00000)
  from space 18944K, 15% used [0x00000007aaf00000,0x00000007ab1cbad0,0x00000007ac180000)
  to   space 18944K, 0% used [0x00000007b2d80000,0x00000007b2d80000,0x00000007b4000000)
 ParOldGen       total 111104K, used 34553K [0x0000000730200000, 0x0000000736e80000, 0x0000000790100000)
  object space 111104K, 31% used [0x0000000730200000,0x00000007323be790,0x0000000736e80000)
 Metaspace       used 65434K, capacity 69584K, committed 69760K, reserved 1110016K
  class space    used 9044K, capacity 9746K, committed 9856K, reserved 1048576K
Event: 4081.243 GC heap after
Heap after GC invocations=21 (full 5):
 PSYoungGen      total 569856K, used 1632K [0x0000000790100000, 0x00000007b4000000, 0x00000007c0000000)
  eden space 550912K, 0% used [0x0000000790100000,0x0000000790100000,0x00000007b1b00000)
  from space 18944K, 8% used [0x00000007b2d80000,0x00000007b2f183f8,0x00000007b4000000)
  to   space 18944K, 0% used [0x00000007b1b00000,0x00000007b1b00000,0x00000007b2d80000)
 ParOldGen       total 111104K, used 34561K [0x0000000730200000, 0x0000000736e80000, 0x0000000790100000)
  object space 111104K, 31% used [0x0000000730200000,0x00000007323c0790,0x0000000736e80000)
 Metaspace       used 65434K, capacity 69584K, committed 69760K, reserved 1110016K
  class space    used 9044K, capacity 9746K, committed 9856K, reserved 1048576K
}
Event: 4081.243 GC heap before
{Heap before GC invocations=22 (full 6):
 PSYoungGen      total 569856K, used 1632K [0x0000000790100000, 0x00000007b4000000, 0x00000007c0000000)
  eden space 550912K, 0% used [0x0000000790100000,0x0000000790100000,0x00000007b1b00000)
  from space 18944K, 8% used [0x00000007b2d80000,0x00000007b2f183f8,0x00000007b4000000)
  to   space 18944K, 0% used [0x00000007b1b00000,0x00000007b1b00000,0x00000007b2d80000)
 ParOldGen       total 111104K, used 34561K [0x0000000730200000, 0x0000000736e80000, 0x0000000790100000)
  object space 111104K, 31% used [0x0000000730200000,0x00000007323c0790,0x0000000736e80000)
 Metaspace       used 65434K, capacity 69584K, committed 69760K, reserved 1110016K
  class space    used 9044K, capacity 9746K, committed 9856K, reserved 1048576K
Event: 4081.582 GC heap after
Heap after GC invocations=22 (full 6):
 PSYoungGen      total 569856K, used 0K [0x0000000790100000, 0x00000007b4000000, 0x00000007c0000000)
  eden space 550912K, 0% used [0x0000000790100000,0x0000000790100000,0x00000007b1b00000)
  from space 18944K, 0% used [0x00000007b2d80000,0x00000007b2d80000,0x00000007b4000000)
  to   space 18944K, 0% used [0x00000007b1b00000,0x00000007b1b00000,0x00000007b2d80000)
 ParOldGen       total 111104K, used 26420K [0x0000000730200000, 0x0000000736e80000, 0x0000000790100000)
  object space 111104K, 23% used [0x0000000730200000,0x0000000731bcd370,0x0000000736e80000)
 Metaspace       used 65028K, capacity 68928K, committed 69760K, reserved 1110016K
  class space    used 8981K, capacity 9631K, committed 9856K, reserved 1048576K
}

Deoptimization events (0 events):
No events

Internal exceptions (10 events):
Event: 4109.015 Thread 0x0000000020318000 Exception <a 'java/lang/ArrayIndexOutOfBoundsException'> (0x000000079f598210) thrown at [C:\re\workspace\8-2-build-windows-amd64-cygwin\jdk8u101\7261\hotspot\src\share\vm\runtime\sharedRuntime.cpp, line 605]
Event: 4109.015 Thread 0x0000000020318000 Exception <a 'java/lang/ArrayIndexOutOfBoundsException'> (0x000000079f599b60) thrown at [C:\re\workspace\8-2-build-windows-amd64-cygwin\jdk8u101\7261\hotspot\src\share\vm\runtime\sharedRuntime.cpp, line 605]
Event: 4109.017 Thread 0x0000000020318000 Exception <a 'java/lang/ArrayIndexOutOfBoundsException'> (0x000000079f5a14a8) thrown at [C:\re\workspace\8-2-build-windows-amd64-cygwin\jdk8u101\7261\hotspot\src\share\vm\runtime\sharedRuntime.cpp, line 605]
Event: 4109.305 Thread 0x0000000020318000 Exception <a 'java/lang/ArrayIndexOutOfBoundsException'> (0x00000007a327f608) thrown at [C:\re\workspace\8-2-build-windows-amd64-cygwin\jdk8u101\7261\hotspot\src\share\vm\runtime\sharedRuntime.cpp, line 605]
Event: 4109.305 Thread 0x0000000020318000 Exception <a 'java/lang/ArrayIndexOutOfBoundsException'> (0x00000007a3281ca0) thrown at [C:\re\workspace\8-2-build-windows-amd64-cygwin\jdk8u101\7261\hotspot\src\share\vm\runtime\sharedRuntime.cpp, line 605]
Event: 4109.309 Thread 0x0000000020318000 Exception <a 'java/lang/ArrayIndexOutOfBoundsException'> (0x00000007a329e5a8) thrown at [C:\re\workspace\8-2-build-windows-amd64-cygwin\jdk8u101\7261\hotspot\src\share\vm\runtime\sharedRuntime.cpp, line 605]
Event: 4109.310 Thread 0x0000000020318000 Exception <a 'java/lang/reflect/InvocationTargetException'> (0x00000007a32a55e8) thrown at [C:\re\workspace\8-2-build-windows-amd64-cygwin\jdk8u101\7261\hotspot\src\share\vm\runtime\reflection.cpp, line 1092]
Event: 4109.315 Thread 0x0000000020318000 Exception <a 'java/lang/ArrayIndexOutOfBoundsException'> (0x00000007a333c4d0) thrown at [C:\re\workspace\8-2-build-windows-amd64-cygwin\jdk8u101\7261\hotspot\src\share\vm\runtime\sharedRuntime.cpp, line 605]
Event: 4109.323 Thread 0x0000000020318000 Exception <a 'java/io/IOException'> (0x00000007a3908500) thrown at [C:\re\workspace\8-2-build-windows-amd64-cygwin\jdk8u101\7261\hotspot\src\share\vm\prims\jni.cpp, line 709]
Event: 4109.327 Thread 0x0000000020318000 Exception <a 'java/io/IOException'> (0x00000007a398b048) thrown at [C:\re\workspace\8-2-build-windows-amd64-cygwin\jdk8u101\7261\hotspot\src\share\vm\prims\jni.cpp, line 709]

Events (10 events):
Event: 4112.343 Thread 0x000000002031b000 DEOPT PACKING pc=0x00000000046c0acc sp=0x000000002263b5e0
Event: 4112.343 Thread 0x000000002031b000 DEOPT UNPACKING pc=0x00000000036e747f sp=0x000000002263b398 mode 1
Event: 4132.434 Thread 0x0000000020318000 DEOPT PACKING pc=0x0000000004201f19 sp=0x000000002293b460
Event: 4132.434 Thread 0x0000000020318000 DEOPT UNPACKING pc=0x00000000036e747f sp=0x000000002293b1f0 mode 1
Event: 4132.434 Thread 0x0000000020318000 DEOPT PACKING pc=0x00000000046c0acc sp=0x000000002293b510
Event: 4132.434 Thread 0x0000000020318000 DEOPT UNPACKING pc=0x00000000036e747f sp=0x000000002293b2c8 mode 1
Event: 4132.434 Thread 0x0000000020318000 DEOPT PACKING pc=0x0000000004201f19 sp=0x000000002293b460
Event: 4132.434 Thread 0x0000000020318000 DEOPT UNPACKING pc=0x00000000036e747f sp=0x000000002293b1f0 mode 1
Event: 4132.434 Thread 0x0000000020318000 DEOPT PACKING pc=0x00000000046c0acc sp=0x000000002293b510
Event: 4132.434 Thread 0x0000000020318000 DEOPT UNPACKING pc=0x00000000036e747f sp=0x000000002293b2c8 mode 1


Dynamic libraries:
0x00007ff6bd360000 - 0x00007ff6bd397000 	C:\Program Files\Java\jdk1.8.0_101\bin\java.exe
0x00007ffdfed20000 - 0x00007ffdfef10000 	C:\WINDOWS\SYSTEM32\ntdll.dll
0x00007ffdfd450000 - 0x00007ffdfd502000 	C:\WINDOWS\System32\KERNEL32.DLL
0x00007ffdfc460000 - 0x00007ffdfc703000 	C:\WINDOWS\System32\KERNELBASE.dll
0x00007ffdfdb50000 - 0x00007ffdfdbf3000 	C:\WINDOWS\System32\ADVAPI32.dll
0x00007ffdfe550000 - 0x00007ffdfe5ee000 	C:\WINDOWS\System32\msvcrt.dll
0x00007ffdfcf00000 - 0x00007ffdfcf97000 	C:\WINDOWS\System32\sechost.dll
0x00007ffdfd320000 - 0x00007ffdfd440000 	C:\WINDOWS\System32\RPCRT4.dll
0x00007ffdfdc00000 - 0x00007ffdfdd94000 	C:\WINDOWS\System32\USER32.dll
0x00007ffdfbcb0000 - 0x00007ffdfbcd1000 	C:\WINDOWS\System32\win32u.dll
0x00007ffdfd070000 - 0x00007ffdfd096000 	C:\WINDOWS\System32\GDI32.dll
0x00007ffdfca40000 - 0x00007ffdfcbd4000 	C:\WINDOWS\System32\gdi32full.dll
0x00007ffdfc9a0000 - 0x00007ffdfca3e000 	C:\WINDOWS\System32\msvcp_win.dll
0x00007ffdfc710000 - 0x00007ffdfc80a000 	C:\WINDOWS\System32\ucrtbase.dll
0x00007ffdf3ed0000 - 0x00007ffdf4155000 	C:\WINDOWS\WinSxS\amd64_microsoft.windows.common-controls_6595b64144ccf1df_6.0.18362.476_none_e6c4b11b130f2595\COMCTL32.dll
0x00007ffdfd690000 - 0x00007ffdfd9c6000 	C:\WINDOWS\System32\combase.dll
0x00007ffdfcd50000 - 0x00007ffdfcdd0000 	C:\WINDOWS\System32\bcryptPrimitives.dll
0x00007ffdfd580000 - 0x00007ffdfd5ae000 	C:\WINDOWS\System32\IMM32.DLL
0x0000000065400000 - 0x00000000654d2000 	C:\Program Files\Java\jdk1.8.0_101\jre\bin\msvcr100.dll
0x0000000063b70000 - 0x000000006440a000 	C:\Program Files\Java\jdk1.8.0_101\jre\bin\server\jvm.dll
0x00007ffdfd440000 - 0x00007ffdfd448000 	C:\WINDOWS\System32\PSAPI.DLL
0x00007ffdeca90000 - 0x00007ffdeca99000 	C:\WINDOWS\SYSTEM32\WSOCK32.dll
0x00007ffdf86b0000 - 0x00007ffdf86d4000 	C:\WINDOWS\SYSTEM32\WINMM.dll
0x00007ffdf66c0000 - 0x00007ffdf66ca000 	C:\WINDOWS\SYSTEM32\VERSION.dll
0x00007ffdfd510000 - 0x00007ffdfd57f000 	C:\WINDOWS\System32\WS2_32.dll
0x00007ffdf8680000 - 0x00007ffdf86ad000 	C:\WINDOWS\SYSTEM32\WINMMBASE.dll
0x00007ffdfc810000 - 0x00007ffdfc85a000 	C:\WINDOWS\System32\cfgmgr32.dll
0x00000000653f0000 - 0x00000000653ff000 	C:\Program Files\Java\jdk1.8.0_101\jre\bin\verify.dll
0x00000000653c0000 - 0x00000000653e9000 	C:\Program Files\Java\jdk1.8.0_101\jre\bin\java.dll
0x0000000066310000 - 0x0000000066345000 	C:\Program Files\Java\jdk1.8.0_101\jre\bin\jdwp.dll
0x0000000066300000 - 0x0000000066308000 	C:\Program Files\Java\jdk1.8.0_101\jre\bin\npt.dll
0x00000000662d0000 - 0x00000000662f3000 	C:\Program Files\Java\jdk1.8.0_101\jre\bin\instrument.dll
0x00000000653a0000 - 0x00000000653b6000 	C:\Program Files\Java\jdk1.8.0_101\jre\bin\zip.dll
0x00007ffdfe5f0000 - 0x00007ffdfecd5000 	C:\WINDOWS\System32\SHELL32.dll
0x00007ffdfe3d0000 - 0x00007ffdfe479000 	C:\WINDOWS\System32\shcore.dll
0x00007ffdfbce0000 - 0x00007ffdfc45e000 	C:\WINDOWS\System32\windows.storage.dll
0x00007ffdfbc40000 - 0x00007ffdfbc5f000 	C:\WINDOWS\System32\profapi.dll
0x00007ffdfbc60000 - 0x00007ffdfbcaa000 	C:\WINDOWS\System32\powrprof.dll
0x00007ffdfbbf0000 - 0x00007ffdfbc00000 	C:\WINDOWS\System32\UMPDC.dll
0x00007ffdfd2c0000 - 0x00007ffdfd312000 	C:\WINDOWS\System32\shlwapi.dll
0x00007ffdfbc00000 - 0x00007ffdfbc11000 	C:\WINDOWS\System32\kernel.appcore.dll
0x00007ffdfcbe0000 - 0x00007ffdfcbf7000 	C:\WINDOWS\System32\cryptsp.dll
0x00000000662c0000 - 0x00000000662c9000 	C:\Program Files\Java\jdk1.8.0_101\jre\bin\dt_socket.dll
0x00007ffdfb400000 - 0x00007ffdfb467000 	C:\WINDOWS\system32\mswsock.dll
0x0000000065380000 - 0x000000006539a000 	C:\Program Files\Java\jdk1.8.0_101\jre\bin\net.dll
0x00007ffdfb150000 - 0x00007ffdfb21a000 	C:\WINDOWS\SYSTEM32\DNSAPI.dll
0x00007ffdfd100000 - 0x00007ffdfd108000 	C:\WINDOWS\System32\NSI.dll
0x00007ffdfb110000 - 0x00007ffdfb14a000 	C:\WINDOWS\SYSTEM32\IPHLPAPI.DLL
0x00007ffdf32b0000 - 0x00007ffdf32ba000 	C:\Windows\System32\rasadhlp.dll
0x00007ffdf35e0000 - 0x00007ffdf3657000 	C:\WINDOWS\System32\fwpuclnt.dll
0x00007ffdfc860000 - 0x00007ffdfc886000 	C:\WINDOWS\System32\bcrypt.dll
0x0000000065350000 - 0x000000006535d000 	C:\Program Files\Java\jdk1.8.0_101\jre\bin\management.dll
0x0000000065360000 - 0x0000000065371000 	C:\Program Files\Java\jdk1.8.0_101\jre\bin\nio.dll
0x00007ffdfaf70000 - 0x00007ffdfafa3000 	C:\WINDOWS\system32\rsaenh.dll
0x00007ffdfbb10000 - 0x00007ffdfbb35000 	C:\WINDOWS\SYSTEM32\USERENV.dll
0x00007ffdfb5d0000 - 0x00007ffdfb5dc000 	C:\WINDOWS\SYSTEM32\CRYPTBASE.dll
0x00007ffdf3e50000 - 0x00007ffdf3e66000 	C:\WINDOWS\SYSTEM32\dhcpcsvc6.DLL
0x00007ffdf3b80000 - 0x00007ffdf3b9c000 	C:\WINDOWS\SYSTEM32\dhcpcsvc.DLL
0x00007ffde9710000 - 0x00007ffde9726000 	C:\WINDOWS\system32\napinsp.dll
0x00007ffde96f0000 - 0x00007ffde970a000 	C:\WINDOWS\system32\pnrpnsp.dll
0x00007ffdec520000 - 0x00007ffdec52e000 	C:\WINDOWS\System32\winrnr.dll
0x00007ffdf83f0000 - 0x00007ffdf840c000 	C:\WINDOWS\system32\NLAapi.dll
0x00007ffde96d0000 - 0x00007ffde96e5000 	C:\WINDOWS\system32\wshbth.dll
0x00007ffded950000 - 0x00007ffdedb44000 	C:\WINDOWS\SYSTEM32\dbghelp.dll

VM Arguments:
jvm_args: -agentlib:jdwp=transport=dt_socket,address=127.0.0.1:55502,suspend=y,server=n -XX:TieredStopAtLevel=1 -Xverify:none -Dspring.output.ansi.enabled=always -Dcom.sun.management.jmxremote -Dspring.jmx.enabled=true -Dspring.liveBeansView.mbeanDomain -Dspring.application.admin.enabled=true -javaagent:C:\Users\Zi\.IntelliJIdea2019.2\system\captureAgent\debugger-agent.jar -Dfile.encoding=UTF-8 
java_command: com.org.simplelab.SimpleLabApplication
java_class_path (initial): C:\Program Files\Java\jdk1.8.0_101\jre\lib\charsets.jar;C:\Program Files\Java\jdk1.8.0_101\jre\lib\deploy.jar;C:\Program Files\Java\jdk1.8.0_101\jre\lib\ext\access-bridge-64.jar;C:\Program Files\Java\jdk1.8.0_101\jre\lib\ext\cldrdata.jar;C:\Program Files\Java\jdk1.8.0_101\jre\lib\ext\dnsns.jar;C:\Program Files\Java\jdk1.8.0_101\jre\lib\ext\jaccess.jar;C:\Program Files\Java\jdk1.8.0_101\jre\lib\ext\jfxrt.jar;C:\Program Files\Java\jdk1.8.0_101\jre\lib\ext\localedata.jar;C:\Program Files\Java\jdk1.8.0_101\jre\lib\ext\nashorn.jar;C:\Program Files\Java\jdk1.8.0_101\jre\lib\ext\sunec.jar;C:\Program Files\Java\jdk1.8.0_101\jre\lib\ext\sunjce_provider.jar;C:\Program Files\Java\jdk1.8.0_101\jre\lib\ext\sunmscapi.jar;C:\Program Files\Java\jdk1.8.0_101\jre\lib\ext\sunpkcs11.jar;C:\Program Files\Java\jdk1.8.0_101\jre\lib\ext\zipfs.jar;C:\Program Files\Java\jdk1.8.0_101\jre\lib\javaws.jar;C:\Program Files\Java\jdk1.8.0_101\jre\lib\jce.jar;C:\Program Files\Java\jdk1.8.0_101\jre\lib\jfr.jar;C:\Program Files\Java\jdk1.8.0_101\jre\lib\jfxswt.jar;C:\Program Files\Java\jdk1.8.0_101\jre\lib\jsse.jar;C:\Program Files\Java\jdk1.8.0_101\jre\lib\management-agent.jar;C:\Program Files\Java\jdk1.8.0_101\jre\lib\plugin.jar;C:\Program Files\Java\jdk1.8.0_101\jre\lib\resources.jar;C:\Program Files\Java\jdk1.8.0_101\jre\lib\rt.jar;D:\CSE 308\SimpleLab\target\classes;C:\Users\Zi\.m2\repository\org\springframework\boot\spring-boot-devtools\2.2.0.RELEASE\spring-boot-devtools-2.2.0.RELEASE.jar;C:\Users\Zi\.m2\repository\org\springframework\boot\spring-boot\2.2.0.RELEASE\spring-boot-2.2.0.RELEASE.jar;C:\Users\Zi\.m2\repository\org\springframework\boot\spring-boot-autoconfigure\2.2.0.RELEASE\spring-boot-autoconfigure-2.2.0.RELEASE.jar;C:\Users\Zi\.m2\repository\org\springframework\boot\spring-boot-starter-web\2.2.0.RELEASE\spring-boot-starter-web-2.2.0.RELEASE.jar;C:\Users\Zi\.m2\repository\org\springframework\boot\spring-boot-starter\2.2.0.RELEASE\spring-boot-starter-2.2.0
Launcher Type: SUN_STANDARD

Environment Variables:
JAVA_HOME=C:\Program Files\Java\jdk1.8.0_101
PATH=C:\Program Files (x86)\Microsoft SDKs\Azure\CLI2\wbin;C:\Program Files (x86)\Common Files\Oracle\Java\javapath;C:\Program Files\Java\jdk1.8.0_101\bin;C:\ProgramData\Oracle\Java\javapath;C:\WINDOWS\system32;C:\WINDOWS;C:\WINDOWS\System32\Wbem;C:\WINDOWS\System32\WindowsPowerShell\v1.0\;C:\Program Files\Intel\DMIX;C:\Program Files (x86)\ATI Technologies\ATI.ACE\Core-Static;C:\Program Files (x86)\NVIDIA Corporation\PhysX\Common;C:\Users\Zi\.dnx\bin;C:\Program Files\Microsoft DNX\Dnvm\;C:\Program Files\Microsoft SQL Server\130\Tools\Binn\;C:\Program Files (x86)\Windows Kits\8.1\Windows Performance Toolkit\;C:\WINDOWS\system32;C:\WINDOWS;C:\WINDOWS\System32\Wbem;C:\WINDOWS\System32\WindowsPowerShell\v1.0\;C:\Program Files\Java\jdk1.8.0_101\bin;C:\Program Files (x86)\Common Files\Thunder Network\KanKan\Codecs;D:\Program Files\MATLAB\R2016a\runtime\win64;D:\Program Files\MATLAB\R2016a\bin;D:\Program Files\MATLAB\R2016a\polyspace\bin;C:\WINDOWS\System32\OpenSSH\;C:\Program Files (x86)\Lua\5.1;C:\Program Files (x86)\Lua\5.1\clibs;D:\Program Files\Git\cmd;D:\Program Files\PuTTY\;C:\Users\Zi\AppData\Local\Programs\Python\Python37\Scripts\;C:\Users\Zi\AppData\Local\Programs\Python\Python37\;C:\Users\Zi\AppData\Local\Microsoft\WindowsApps;C:\Users\Zi\AppData\Local\GitHubDesktop\bin;D:\Program Files\Microsoft VS Code\bin;C:\Users\Zi\AppData\Local\Microsoft\WindowsApps;D:\Program Files\MongoDB\Server\4.2\bin;;D:\Program Files\JetBrains\IntelliJ IDEA 2019.2.2\bin;
USERNAME=Zi
OS=Windows_NT
PROCESSOR_IDENTIFIER=Intel64 Family 6 Model 26 Stepping 5, GenuineIntel



---------------  S Y S T E M  ---------------

OS: Windows 10.0 , 64 bit Build 18362 (10.0.18362.329)

CPU:total 8 (4 cores per cpu, 2 threads per core) family 6 model 26 stepping 5, cmov, cx8, fxsr, mmx, sse, sse2, sse3, ssse3, sse4.1, sse4.2, popcnt, ht, tsc, tscinvbit, tscinv

Memory: 4k page, physical 9428140k(1598036k free), swap 18865324k(5586796k free)

vm_info: Java HotSpot(TM) 64-Bit Server VM (25.101-b13) for windows-amd64 JRE (1.8.0_101-b13), built on Jun 22 2016 01:21:29 by "java_re" with MS VC++ 10.0 (VS2010)

time: Sat Dec 07 20:31:27 2019
elapsed time: 4143 seconds (0d 1h 9m 3s)

